<?xml version='1.0' encoding='UTF-8'?>
<testsuite hostname="DESKTOP-NS8PKR3" name="de.uni_saarland.cs.se.DecoratorDatabaseTest" tests="6" errors="0" failures="0" skipped="0" time="0.041" timestamp="2022-12-16T20:48:43">
          <properties>
      <property name="jline.esc.timeout" value="0"/><property name="jna.platform.library.path" value="/usr/lib/x86_64-linux-gnu:/lib/x86_64-linux-gnu:/usr/lib64:/lib64:/usr/lib:/lib:/lib32:/usr/lib32:/usr/lib/x86_64-linux-gnu/libfakeroot"/><property name="java.runtime.name" value="OpenJDK Runtime Environment"/><property name="sun.boot.library.path" value="/home/igunduz/.cache/coursier/arc/https/github.com/AdoptOpenJDK/openjdk8-binaries/releases/download/jdk8u292-b10/OpenJDK8U-jdk_x64_linux_hotspot_8u292b10.tar.gz/jdk8u292-b10/jre/lib/amd64"/><property name="java.vm.version" value="25.292-b10"/><property name="java.vm.vendor" value="AdoptOpenJDK"/><property name="java.vendor.url" value="https://adoptopenjdk.net/"/><property name="path.separator" value=":"/><property name="jna.loaded" value="true"/><property name="java.vm.name" value="OpenJDK 64-Bit Server VM"/><property name="file.encoding.pkg" value="sun.io"/><property name="sun.java.launcher" value="SUN_STANDARD"/><property name="sun.os.patch.level" value="unknown"/><property name="jna.nosys" value="true"/><property name="java.vm.specification.name" value="Java Virtual Machine Specification"/><property name="user.dir" value="/mnt/c/Users/ibgun/Desktop/Lectures/Software Engineering/Assignments/2/Assignment_02_-_Project_Skeleton/se-ws2223-assignment-02-student_version"/><property name="java.runtime.version" value="1.8.0_292-b10"/><property name="java.awt.graphicsenv" value="sun.awt.X11GraphicsEnvironment"/><property name="java.endorsed.dirs" value="/home/igunduz/.cache/coursier/arc/https/github.com/AdoptOpenJDK/openjdk8-binaries/releases/download/jdk8u292-b10/OpenJDK8U-jdk_x64_linux_hotspot_8u292b10.tar.gz/jdk8u292-b10/jre/lib/endorsed"/><property name="os.arch" value="amd64"/><property name="java.io.tmpdir" value="/tmp"/><property name="line.separator" value="
"/><property name="java.vm.specification.vendor" value="Oracle Corporation"/><property name="log4j.ignoreTCL" value="true"/><property name="os.name" value="Linux"/><property name="sun.jnu.encoding" value="UTF-8"/><property name="jnidispatch.path" value="/home/igunduz/.cache/JNA/temp/jna4293999070703770949.tmp"/><property name="java.library.path" value="/usr/java/packages/lib/amd64:/usr/lib64:/lib64:/lib:/usr/lib"/><property name="java.specification.name" value="Java Platform API Specification"/><property name="java.class.version" value="52.0"/><property name="sbt.ipcsocket.tmpdir" value="/tmp/.sbt9fd1bb04/ipcsocket"/><property name="sun.management.compiler" value="HotSpot 64-Bit Tiered Compilers"/><property name="os.version" value="4.4.0-19041-Microsoft"/><property name="swoval.tmpdir" value="/tmp/.sbt9fd1bb04/swoval"/><property name="user.home" value="/home/igunduz"/><property name="user.timezone" value="Europe/Berlin"/><property name="java.awt.printerjob" value="sun.print.PSPrinterJob"/><property name="file.encoding" value="UTF-8"/><property name="java.specification.version" value="1.8"/><property name="java.class.path" value="/home/igunduz/.cache/coursier/arc/https/github.com/sbt/sbt/releases/download/v1.8.0/sbt-1.8.0.zip/sbt/bin/sbt-launch.jar"/><property name="user.name" value="igunduz"/><property name="jline.shutdownhook" value="false"/><property name="java.vm.specification.version" value="1.8"/><property name="sun.java.command" value="/home/igunduz/.cache/coursier/arc/https/github.com/sbt/sbt/releases/download/v1.8.0/sbt-1.8.0.zip/sbt/bin/sbt-launch.jar test"/><property name="java.home" value="/home/igunduz/.cache/coursier/arc/https/github.com/AdoptOpenJDK/openjdk8-binaries/releases/download/jdk8u292-b10/OpenJDK8U-jdk_x64_linux_hotspot_8u292b10.tar.gz/jdk8u292-b10/jre"/><property name="sun.arch.data.model" value="64"/><property name="user.language" value="en"/><property name="java.specification.vendor" value="Oracle Corporation"/><property name="awt.toolkit" value="sun.awt.X11.XToolkit"/><property name="java.vm.info" value="mixed mode"/><property name="java.version" value="1.8.0_292"/><property name="java.ext.dirs" value="/home/igunduz/.cache/coursier/arc/https/github.com/AdoptOpenJDK/openjdk8-binaries/releases/download/jdk8u292-b10/OpenJDK8U-jdk_x64_linux_hotspot_8u292b10.tar.gz/jdk8u292-b10/jre/lib/ext:/usr/java/packages/lib/ext"/><property name="sun.boot.class.path" value="/home/igunduz/.cache/coursier/arc/https/github.com/AdoptOpenJDK/openjdk8-binaries/releases/download/jdk8u292-b10/OpenJDK8U-jdk_x64_linux_hotspot_8u292b10.tar.gz/jdk8u292-b10/jre/lib/resources.jar:/home/igunduz/.cache/coursier/arc/https/github.com/AdoptOpenJDK/openjdk8-binaries/releases/download/jdk8u292-b10/OpenJDK8U-jdk_x64_linux_hotspot_8u292b10.tar.gz/jdk8u292-b10/jre/lib/rt.jar:/home/igunduz/.cache/coursier/arc/https/github.com/AdoptOpenJDK/openjdk8-binaries/releases/download/jdk8u292-b10/OpenJDK8U-jdk_x64_linux_hotspot_8u292b10.tar.gz/jdk8u292-b10/jre/lib/sunrsasign.jar:/home/igunduz/.cache/coursier/arc/https/github.com/AdoptOpenJDK/openjdk8-binaries/releases/download/jdk8u292-b10/OpenJDK8U-jdk_x64_linux_hotspot_8u292b10.tar.gz/jdk8u292-b10/jre/lib/jsse.jar:/home/igunduz/.cache/coursier/arc/https/github.com/AdoptOpenJDK/openjdk8-binaries/releases/download/jdk8u292-b10/OpenJDK8U-jdk_x64_linux_hotspot_8u292b10.tar.gz/jdk8u292-b10/jre/lib/jce.jar:/home/igunduz/.cache/coursier/arc/https/github.com/AdoptOpenJDK/openjdk8-binaries/releases/download/jdk8u292-b10/OpenJDK8U-jdk_x64_linux_hotspot_8u292b10.tar.gz/jdk8u292-b10/jre/lib/charsets.jar:/home/igunduz/.cache/coursier/arc/https/github.com/AdoptOpenJDK/openjdk8-binaries/releases/download/jdk8u292-b10/OpenJDK8U-jdk_x64_linux_hotspot_8u292b10.tar.gz/jdk8u292-b10/jre/lib/jfr.jar:/home/igunduz/.cache/coursier/arc/https/github.com/AdoptOpenJDK/openjdk8-binaries/releases/download/jdk8u292-b10/OpenJDK8U-jdk_x64_linux_hotspot_8u292b10.tar.gz/jdk8u292-b10/jre/classes"/><property name="java.vendor" value="AdoptOpenJDK"/><property name="file.separator" value="/"/><property name="java.vendor.url.bug" value="https://github.com/AdoptOpenJDK/openjdk-support/issues"/><property name="sun.io.unicode.encoding" value="UnicodeLittle"/><property name="sun.cpu.endian" value="little"/><property name="sbt.script" value="/home/igunduz/.cache/coursier/arc/https/github.com/sbt/sbt/releases/download/v1.8.0/sbt-1.8.0.zip/sbt/bin/sbt"/><property name="sun.cpu.isalist" value=""/>
    </properties>
          <testcase classname="de.uni_saarland.cs.se.DecoratorDatabaseTest" name="A read-only database should only allow read operations." time="0.03">
                      
                    </testcase><testcase classname="de.uni_saarland.cs.se.DecoratorDatabaseTest" name="A read-write database should allow read and write operations." time="0.003">
                      
                    </testcase><testcase classname="de.uni_saarland.cs.se.DecoratorDatabaseTest" name="A database with transactions should require committing before reading." time="0.002">
                      
                    </testcase><testcase classname="de.uni_saarland.cs.se.DecoratorDatabaseTest" name="A database with transactions should not store roll-backed values." time="0.001">
                      
                    </testcase><testcase classname="de.uni_saarland.cs.se.DecoratorDatabaseTest" name="A data base with logging should log all operations" time="0.003">
                      
                    </testcase><testcase classname="de.uni_saarland.cs.se.DecoratorDatabaseTest" name="Foo should Bar" time="0.002">
                      
                    </testcase>
          <system-out><![CDATA[]]></system-out>
          <system-err><![CDATA[]]></system-err>
        </testsuite>